# JRE version: Java(TM) SE Runtime Environment (8.0_111-b14) (build 1.8.0_111-b14)
# Java VM: Java HotSpot(TM) 64-Bit Server VM (25.111-b14 mixed mode windows-amd64 compressed oops)
Heap:
 PSYoungGen      total 18944K, used 2130K [0x00000000eb400000, 0x00000000ec900000, 0x0000000100000000)
  eden space 16384K, 13% used [0x00000000eb400000,0x00000000eb614958,0x00000000ec400000)
  from space 2560K, 0% used [0x00000000ec400000,0x00000000ec400000,0x00000000ec680000)
  to   space 2560K, 0% used [0x00000000ec680000,0x00000000ec680000,0x00000000ec900000)
 ParOldGen       total 19456K, used 2686K [0x00000000c1c00000, 0x00000000c2f00000, 0x00000000eb400000)
  object space 19456K, 13% used [0x00000000c1c00000,0x00000000c1e9fb60,0x00000000c2f00000)
 Metaspace       used 6561K, capacity 6716K, committed 7040K, reserved 1060864K
  class space    used 739K, capacity 792K, committed 896K, reserved 1048576K
GC Heap History (4 events):
Event: 49.702 GC heap before
{Heap before GC invocations=1 (full 0):
 PSYoungGen      total 18944K, used 12712K [0x00000000eb400000, 0x00000000ec900000, 0x0000000100000000)
  eden space 16384K, 77% used [0x00000000eb400000,0x00000000ec06a1b8,0x00000000ec400000)
  from space 2560K, 0% used [0x00000000ec680000,0x00000000ec680000,0x00000000ec900000)
  to   space 2560K, 0% used [0x00000000ec400000,0x00000000ec400000,0x00000000ec680000)
 ParOldGen       total 44032K, used 0K [0x00000000c1c00000, 0x00000000c4700000, 0x00000000eb400000)
  object space 44032K, 0% used [0x00000000c1c00000,0x00000000c1c00000,0x00000000c4700000)
 Metaspace       used 6221K, capacity 6364K, committed 6400K, reserved 1062912K
  class space    used 693K, capacity 760K, committed 768K, reserved 1048576K
Event: 49.733 GC heap after
Heap after GC invocations=1 (full 0):
 PSYoungGen      total 18944K, used 2556K [0x00000000eb400000, 0x00000000ec900000, 0x0000000100000000)
  eden space 16384K, 0% used [0x00000000eb400000,0x00000000eb400000,0x00000000ec400000)
  from space 2560K, 99% used [0x00000000ec400000,0x00000000ec67f2a0,0x00000000ec680000)
  to   space 2560K, 0% used [0x00000000ec680000,0x00000000ec680000,0x00000000ec900000)
 ParOldGen       total 44032K, used 344K [0x00000000c1c00000, 0x00000000c4700000, 0x00000000eb400000)
  object space 44032K, 0% used [0x00000000c1c00000,0x00000000c1c56300,0x00000000c4700000)
 Metaspace       used 6221K, capacity 6364K, committed 6400K, reserved 1062912K
  class space    used 693K, capacity 760K, committed 768K, reserved 1048576K
}
Event: 49.733 GC heap before
{Heap before GC invocations=2 (full 1):
 PSYoungGen      total 18944K, used 2556K [0x00000000eb400000, 0x00000000ec900000, 0x0000000100000000)
  eden space 16384K, 0% used [0x00000000eb400000,0x00000000eb400000,0x00000000ec400000)
  from space 2560K, 99% used [0x00000000ec400000,0x00000000ec67f2a0,0x00000000ec680000)
  to   space 2560K, 0% used [0x00000000ec680000,0x00000000ec680000,0x00000000ec900000)
 ParOldGen       total 44032K, used 344K [0x00000000c1c00000, 0x00000000c4700000, 0x00000000eb400000)
  object space 44032K, 0% used [0x00000000c1c00000,0x00000000c1c56300,0x00000000c4700000)
 Metaspace       used 6221K, capacity 6364K, committed 6400K, reserved 1062912K
  class space    used 693K, capacity 760K, committed 768K, reserved 1048576K
Event: 49.748 GC heap after
Heap after GC invocations=2 (full 1):
 PSYoungGen      total 18944K, used 0K [0x00000000eb400000, 0x00000000ec900000, 0x0000000100000000)
  eden space 16384K, 0% used [0x00000000eb400000,0x00000000eb400000,0x00000000ec400000)
  from space 2560K, 0% used [0x00000000ec400000,0x00000000ec400000,0x00000000ec680000)
  to   space 2560K, 0% used [0x00000000ec680000,0x00000000ec680000,0x00000000ec900000)
 ParOldGen       total 19456K, used 2686K [0x00000000c1c00000, 0x00000000c2f00000, 0x00000000eb400000)
  object space 19456K, 13% used [0x00000000c1c00000,0x00000000c1e9fb60,0x00000000c2f00000)
 Metaspace       used 6221K, capacity 6364K, committed 6400K, reserved 1060864K
  class space    used 693K, capacity 760K, committed 768K, reserved 1048576K
}

