# JRE version: Java(TM) SE Runtime Environment (8.0_111-b14) (build 1.8.0_111-b14)
# Java VM: Java HotSpot(TM) 64-Bit Server VM (25.111-b14 mixed mode windows-amd64 compressed oops)
Heap:
 PSYoungGen      total 18944K, used 2111K [0x00000000eb400000, 0x00000000ec900000, 0x0000000100000000)
  eden space 16384K, 12% used [0x00000000eb400000,0x00000000eb60fe78,0x00000000ec400000)
  from space 2560K, 0% used [0x00000000ec400000,0x00000000ec400000,0x00000000ec680000)
  to   space 2560K, 0% used [0x00000000ec680000,0x00000000ec680000,0x00000000ec900000)
 ParOldGen       total 19968K, used 2729K [0x00000000c1c00000, 0x00000000c2f80000, 0x00000000eb400000)
  object space 19968K, 13% used [0x00000000c1c00000,0x00000000c1eaa428,0x00000000c2f80000)
 Metaspace       used 6538K, capacity 6652K, committed 6784K, reserved 1058816K
  class space    used 738K, capacity 792K, committed 896K, reserved 1048576K
GC Heap History (4 events):
Event: 50.224 GC heap before
{Heap before GC invocations=1 (full 0):
 PSYoungGen      total 18944K, used 13030K [0x00000000eb400000, 0x00000000ec900000, 0x0000000100000000)
  eden space 16384K, 79% used [0x00000000eb400000,0x00000000ec0b99a0,0x00000000ec400000)
  from space 2560K, 0% used [0x00000000ec680000,0x00000000ec680000,0x00000000ec900000)
  to   space 2560K, 0% used [0x00000000ec400000,0x00000000ec400000,0x00000000ec680000)
 ParOldGen       total 44032K, used 0K [0x00000000c1c00000, 0x00000000c4700000, 0x00000000eb400000)
  object space 44032K, 0% used [0x00000000c1c00000,0x00000000c1c00000,0x00000000c4700000)
 Metaspace       used 6235K, capacity 6364K, committed 6400K, reserved 1060864K
  class space    used 693K, capacity 760K, committed 768K, reserved 1048576K
Event: 50.235 GC heap after
Heap after GC invocations=1 (full 0):
 PSYoungGen      total 18944K, used 2547K [0x00000000eb400000, 0x00000000ec900000, 0x0000000100000000)
  eden space 16384K, 0% used [0x00000000eb400000,0x00000000eb400000,0x00000000ec400000)
  from space 2560K, 99% used [0x00000000ec400000,0x00000000ec67ce98,0x00000000ec680000)
  to   space 2560K, 0% used [0x00000000ec680000,0x00000000ec680000,0x00000000ec900000)
 ParOldGen       total 44032K, used 383K [0x00000000c1c00000, 0x00000000c4700000, 0x00000000eb400000)
  object space 44032K, 0% used [0x00000000c1c00000,0x00000000c1c5ff00,0x00000000c4700000)
 Metaspace       used 6235K, capacity 6364K, committed 6400K, reserved 1060864K
  class space    used 693K, capacity 760K, committed 768K, reserved 1048576K
}
Event: 50.235 GC heap before
{Heap before GC invocations=2 (full 1):
 PSYoungGen      total 18944K, used 2547K [0x00000000eb400000, 0x00000000ec900000, 0x0000000100000000)
  eden space 16384K, 0% used [0x00000000eb400000,0x00000000eb400000,0x00000000ec400000)
  from space 2560K, 99% used [0x00000000ec400000,0x00000000ec67ce98,0x00000000ec680000)
  to   space 2560K, 0% used [0x00000000ec680000,0x00000000ec680000,0x00000000ec900000)
 ParOldGen       total 44032K, used 383K [0x00000000c1c00000, 0x00000000c4700000, 0x00000000eb400000)
  object space 44032K, 0% used [0x00000000c1c00000,0x00000000c1c5ff00,0x00000000c4700000)
 Metaspace       used 6235K, capacity 6364K, committed 6400K, reserved 1060864K
  class space    used 693K, capacity 760K, committed 768K, reserved 1048576K
Event: 50.249 GC heap after
Heap after GC invocations=2 (full 1):
 PSYoungGen      total 18944K, used 0K [0x00000000eb400000, 0x00000000ec900000, 0x0000000100000000)
  eden space 16384K, 0% used [0x00000000eb400000,0x00000000eb400000,0x00000000ec400000)
  from space 2560K, 0% used [0x00000000ec400000,0x00000000ec400000,0x00000000ec680000)
  to   space 2560K, 0% used [0x00000000ec680000,0x00000000ec680000,0x00000000ec900000)
 ParOldGen       total 19968K, used 2729K [0x00000000c1c00000, 0x00000000c2f80000, 0x00000000eb400000)
  object space 19968K, 13% used [0x00000000c1c00000,0x00000000c1eaa428,0x00000000c2f80000)
 Metaspace       used 6235K, capacity 6364K, committed 6400K, reserved 1058816K
  class space    used 693K, capacity 760K, committed 768K, reserved 1048576K
}

